Determining if the pthread_create exist failed with the following output:
Change Dir: /program/sim_ugv_ws/src/sim_ugv_master/4Path_Planning/bc_local_planner/build/CMakeFiles/CMakeTmp

Run Build Command:/usr/bin/make "cmTryCompileExec1302523450/fast"
/usr/bin/make -f CMakeFiles/cmTryCompileExec1302523450.dir/build.make CMakeFiles/cmTryCompileExec1302523450.dir/build
make[1]: Entering directory `/program/sim_ugv_ws/src/sim_ugv_master/4Path_Planning/bc_local_planner/build/CMakeFiles/CMakeTmp'
/usr/bin/cmake -E cmake_progress_report /program/sim_ugv_ws/src/sim_ugv_master/4Path_Planning/bc_local_planner/build/CMakeFiles/CMakeTmp/CMakeFiles 1
Building C object CMakeFiles/cmTryCompileExec1302523450.dir/CheckSymbolExists.c.o
/usr/bin/cc    -o CMakeFiles/cmTryCompileExec1302523450.dir/CheckSymbolExists.c.o   -c /program/sim_ugv_ws/src/sim_ugv_master/4Path_Planning/bc_local_planner/build/CMakeFiles/CMakeTmp/CheckSymbolExists.c
Linking C executable cmTryCompileExec1302523450
/usr/bin/cmake -E cmake_link_script CMakeFiles/cmTryCompileExec1302523450.dir/link.txt --verbose=1
/usr/bin/cc       CMakeFiles/cmTryCompileExec1302523450.dir/CheckSymbolExists.c.o  -o cmTryCompileExec1302523450 -rdynamic 
CMakeFiles/cmTryCompileExec1302523450.dir/CheckSymbolExists.c.o: In function `main':
CheckSymbolExists.c:(.text+0x16): undefined reference to `pthread_create'
collect2: error: ld returned 1 exit status
make[1]: *** [cmTryCompileExec1302523450] Error 1
make[1]: Leaving directory `/program/sim_ugv_ws/src/sim_ugv_master/4Path_Planning/bc_local_planner/build/CMakeFiles/CMakeTmp'
make: *** [cmTryCompileExec1302523450/fast] Error 2

File /program/sim_ugv_ws/src/sim_ugv_master/4Path_Planning/bc_local_planner/build/CMakeFiles/CMakeTmp/CheckSymbolExists.c:
/* */
#include <pthread.h>

int main(int argc, char** argv)
{
  (void)argv;
#ifndef pthread_create
  return ((int*)(&pthread_create))[argc];
#else
  (void)argc;
  return 0;
#endif
}

Determining if the function pthread_create exists in the pthreads failed with the following output:
Change Dir: /program/sim_ugv_ws/src/sim_ugv_master/4Path_Planning/bc_local_planner/build/CMakeFiles/CMakeTmp

Run Build Command:/usr/bin/make "cmTryCompileExec2814521602/fast"
/usr/bin/make -f CMakeFiles/cmTryCompileExec2814521602.dir/build.make CMakeFiles/cmTryCompileExec2814521602.dir/build
make[1]: Entering directory `/program/sim_ugv_ws/src/sim_ugv_master/4Path_Planning/bc_local_planner/build/CMakeFiles/CMakeTmp'
/usr/bin/cmake -E cmake_progress_report /program/sim_ugv_ws/src/sim_ugv_master/4Path_Planning/bc_local_planner/build/CMakeFiles/CMakeTmp/CMakeFiles 1
Building C object CMakeFiles/cmTryCompileExec2814521602.dir/CheckFunctionExists.c.o
/usr/bin/cc   -DCHECK_FUNCTION_EXISTS=pthread_create   -o CMakeFiles/cmTryCompileExec2814521602.dir/CheckFunctionExists.c.o   -c /usr/share/cmake-2.8/Modules/CheckFunctionExists.c
Linking C executable cmTryCompileExec2814521602
/usr/bin/cmake -E cmake_link_script CMakeFiles/cmTryCompileExec2814521602.dir/link.txt --verbose=1
/usr/bin/cc   -DCHECK_FUNCTION_EXISTS=pthread_create    CMakeFiles/cmTryCompileExec2814521602.dir/CheckFunctionExists.c.o  -o cmTryCompileExec2814521602 -rdynamic -lpthreads 
/usr/bin/ld: cannot find -lpthreads
collect2: error: ld returned 1 exit status
make[1]: *** [cmTryCompileExec2814521602] Error 1
make[1]: Leaving directory `/program/sim_ugv_ws/src/sim_ugv_master/4Path_Planning/bc_local_planner/build/CMakeFiles/CMakeTmp'
make: *** [cmTryCompileExec2814521602/fast] Error 2


